[04/Feb/2022:14:27:31] (I): WordPress Instance Info:
[04/Feb/2022:14:27:31] (I): Home URL : http://localhost:9999
[04/Feb/2022:14:27:31] (I): Site URL : http://localhost:9999
[04/Feb/2022:14:27:31] (I): WordPress Version : 5.9
[04/Feb/2022:14:27:31] (I): Onboarding Version : 1.1.20
[04/Feb/2022:14:27:31] (I): Multisite : No
[04/Feb/2022:14:27:31] (I): Server Info : Apache/2.4.51 (Debian)
[04/Feb/2022:14:27:31] (I): PHP Version : 7.4.26
[04/Feb/2022:14:27:31] (I): HTTPS : No
[04/Feb/2022:14:27:31] (I): PHP Max Execution Time : 30
[04/Feb/2022:14:27:31] (I): PHP Max Input Vars : 1000
[04/Feb/2022:14:27:31] (I): Max Upload Size : 2097152
[04/Feb/2022:14:27:31] (I): Plugins:
[04/Feb/2022:14:27:31] (I): [PLUGIN] Gutenberg Blocks and Template Library by Otter : v1.7.4 (ThemeIsle)
[04/Feb/2022:14:27:31] (I): [PLUGIN] Templates Patterns Collection : v1.1.20 (ThemeIsle)
[04/Feb/2022:14:27:31] (I): [PLUGIN] WPForms Lite : v1.7.2.1 (WPForms)
[04/Feb/2022:14:27:31] (P): Saving remote XML
[04/Feb/2022:14:27:31] (S): Saved remote XML at path /var/www/html/wp-content/uploads/themeisle-demo-import.xml.
[04/Feb/2022:14:27:31] (P): Starting content import...
[04/Feb/2022:14:27:31] (S): Import started.
[04/Feb/2022:14:27:31] (S): Parsing XML file.
[04/Feb/2022:14:27:31] (P): Starting parsing file:/var/www/html/wp-content/uploads/themeisle-demo-import.xml
[04/Feb/2022:14:27:31] (P): Using WXR_Parser_SimpleXML...
[04/Feb/2022:14:27:31] (S): Parsed XML
[04/Feb/2022:14:27:31] (P): Processing categories...
[04/Feb/2022:14:27:31] (S): Processed categories.
[04/Feb/2022:14:27:31] (P): Processing tags...
[04/Feb/2022:14:27:31] (S): No tags to process.
[04/Feb/2022:14:27:31] (P): Processing terms...
[04/Feb/2022:14:27:31] (W): Failed to import elementor_library_type page
[04/Feb/2022:14:27:31] (E): Taxonomía no válida.
[04/Feb/2022:14:27:31] (S): Processed terms.
[04/Feb/2022:14:27:31] (P): Processing posts...
[04/Feb/2022:14:27:31] (P): Inserting custom_css: neve .
[04/Feb/2022:14:27:31] (S): Done inserting custom_css: neve .
[04/Feb/2022:14:27:31] (P): Processing attachment: https://s33834.pcdn.co/freelancer-gb/wp-content/uploads/sites/469/2019/09/neve-freelancer-01.jpg...
[04/Feb/2022:14:27:31] (P): Fetching attachment from url: https://s33834.pcdn.co/freelancer-gb/wp-content/uploads/sites/469/2019/09/neve-freelancer-01.jpg...
[04/Feb/2022:14:27:32] (S): Fetched remote attachment.
[04/Feb/2022:14:27:32] (P): Inserting attachment...
[04/Feb/2022:14:27:32] (S): Attachment inserted
[04/Feb/2022:14:27:32] (S): Processed attachment.
[04/Feb/2022:14:27:32] (P): Processing attachment: https://s33834.pcdn.co/freelancer-gb/wp-content/uploads/sites/469/2019/09/neve-freelancer-03.jpg...
[04/Feb/2022:14:27:32] (P): Fetching attachment from url: https://s33834.pcdn.co/freelancer-gb/wp-content/uploads/sites/469/2019/09/neve-freelancer-03.jpg...
[04/Feb/2022:14:27:32] (S): Fetched remote attachment.
[04/Feb/2022:14:27:32] (P): Inserting attachment...
[04/Feb/2022:14:27:32] (S): Attachment inserted
[04/Feb/2022:14:27:32] (S): Processed attachment.
[04/Feb/2022:14:27:32] (P): Processing attachment: https://s33834.pcdn.co/freelancer-gb/wp-content/uploads/sites/469/2019/09/neve-freelancer-05.jpg...
[04/Feb/2022:14:27:32] (P): Fetching attachment from url: https://s33834.pcdn.co/freelancer-gb/wp-content/uploads/sites/469/2019/09/neve-freelancer-05.jpg...
[04/Feb/2022:14:27:32] (S): Fetched remote attachment.
[04/Feb/2022:14:27:32] (P): Inserting attachment...
[04/Feb/2022:14:27:32] (S): Attachment inserted
[04/Feb/2022:14:27:32] (S): Processed attachment.
[04/Feb/2022:14:27:32] (P): Processing attachment: https://s33834.pcdn.co/freelancer-gb/wp-content/uploads/sites/469/2019/09/neve-freelancer-06.jpg...
[04/Feb/2022:14:27:32] (P): Fetching attachment from url: https://s33834.pcdn.co/freelancer-gb/wp-content/uploads/sites/469/2019/09/neve-freelancer-06.jpg...
[04/Feb/2022:14:27:32] (S): Fetched remote attachment.
[04/Feb/2022:14:27:32] (P): Inserting attachment...
[04/Feb/2022:14:27:32] (S): Attachment inserted
[04/Feb/2022:14:27:32] (S): Processed attachment.
[04/Feb/2022:14:27:32] (P): Processing attachment: https://s33834.pcdn.co/freelancer-gb/wp-content/uploads/sites/469/2019/09/neve-freelancer-08.jpg...
[04/Feb/2022:14:27:32] (P): Fetching attachment from url: https://s33834.pcdn.co/freelancer-gb/wp-content/uploads/sites/469/2019/09/neve-freelancer-08.jpg...
[04/Feb/2022:14:27:33] (S): Fetched remote attachment.
[04/Feb/2022:14:27:33] (P): Inserting attachment...
[04/Feb/2022:14:27:33] (S): Attachment inserted
[04/Feb/2022:14:27:33] (S): Processed attachment.
[04/Feb/2022:14:27:33] (P): Processing attachment: https://s33834.pcdn.co/freelancer-gb/wp-content/uploads/sites/469/2019/09/neve-freelancer-12.jpg...
[04/Feb/2022:14:27:33] (P): Fetching attachment from url: https://s33834.pcdn.co/freelancer-gb/wp-content/uploads/sites/469/2019/09/neve-freelancer-12.jpg...
[04/Feb/2022:14:27:33] (S): Fetched remote attachment.
[04/Feb/2022:14:27:33] (P): Inserting attachment...
[04/Feb/2022:14:27:33] (S): Attachment inserted
[04/Feb/2022:14:27:33] (S): Processed attachment.
[04/Feb/2022:14:27:33] (P): Processing attachment: https://s33834.pcdn.co/freelancer-gb/wp-content/uploads/sites/469/2019/09/neve-freelancer-13.jpg...
[04/Feb/2022:14:27:33] (P): Fetching attachment from url: https://s33834.pcdn.co/freelancer-gb/wp-content/uploads/sites/469/2019/09/neve-freelancer-13.jpg...
[04/Feb/2022:14:27:33] (S): Fetched remote attachment.
[04/Feb/2022:14:27:33] (P): Inserting attachment...
[04/Feb/2022:14:27:33] (S): Attachment inserted
[04/Feb/2022:14:27:33] (S): Processed attachment.
[04/Feb/2022:14:27:33] (P): Processing attachment: https://s33834.pcdn.co/freelancer-gb/wp-content/uploads/sites/469/2019/09/neve-freelancer-14.jpg...
[04/Feb/2022:14:27:33] (P): Fetching attachment from url: https://s33834.pcdn.co/freelancer-gb/wp-content/uploads/sites/469/2019/09/neve-freelancer-14.jpg...
[04/Feb/2022:14:27:33] (S): Fetched remote attachment.
[04/Feb/2022:14:27:33] (P): Inserting attachment...
[04/Feb/2022:14:27:33] (S): Attachment inserted
[04/Feb/2022:14:27:33] (S): Processed attachment.
[04/Feb/2022:14:27:33] (P): Processing attachment: https://s33834.pcdn.co/freelancer-gb/wp-content/uploads/sites/469/2019/09/neve-freelancer-15.jpg...
[04/Feb/2022:14:27:33] (P): Fetching attachment from url: https://s33834.pcdn.co/freelancer-gb/wp-content/uploads/sites/469/2019/09/neve-freelancer-15.jpg...
[04/Feb/2022:14:27:34] (S): Fetched remote attachment.
[04/Feb/2022:14:27:34] (P): Inserting attachment...
[04/Feb/2022:14:27:34] (S): Attachment inserted
[04/Feb/2022:14:27:34] (S): Processed attachment.
[04/Feb/2022:14:27:34] (P): Processing attachment: https://s33834.pcdn.co/freelancer-gb/wp-content/uploads/sites/469/2019/09/neve-freelancer-icon.png...
[04/Feb/2022:14:27:34] (P): Fetching attachment from url: https://s33834.pcdn.co/freelancer-gb/wp-content/uploads/sites/469/2019/09/neve-freelancer-icon.png...
[04/Feb/2022:14:27:34] (S): Fetched remote attachment.
[04/Feb/2022:14:27:34] (P): Inserting attachment...
[04/Feb/2022:14:27:34] (S): Attachment inserted
[04/Feb/2022:14:27:34] (S): Processed attachment.
[04/Feb/2022:14:27:34] (P): Processing attachment: https://s33834.pcdn.co/freelancer-gb/wp-content/uploads/sites/469/2019/09/cropped-neve-freelancer-icon.png...
[04/Feb/2022:14:27:34] (P): Fetching attachment from url: https://s33834.pcdn.co/freelancer-gb/wp-content/uploads/sites/469/2019/09/cropped-neve-freelancer-icon.png...
[04/Feb/2022:14:27:34] (S): Fetched remote attachment.
[04/Feb/2022:14:27:34] (P): Inserting attachment...
[04/Feb/2022:14:27:34] (S): Attachment inserted
[04/Feb/2022:14:27:34] (S): Processed attachment.
[04/Feb/2022:14:27:34] (P): Inserting page: Home .
[04/Feb/2022:14:27:34] (S): Done inserting page: Home .
[04/Feb/2022:14:27:34] (P): Processing single menu item ' '...
[04/Feb/2022:14:27:34] (P): Processing single menu item ' '...
[04/Feb/2022:14:27:34] (S): Processed single menu item.
[04/Feb/2022:14:27:34] (P): Processing single menu item ' '...
[04/Feb/2022:14:27:34] (P): Processing single menu item ' '...
[04/Feb/2022:14:27:34] (P): Processing single menu item ' '...
[04/Feb/2022:14:27:34] (P): Processing attachment: https://s33834.pcdn.co/freelancer-gb/wp-content/uploads/sites/469/2021/06/freelancer-demo-02.jpeg...
[04/Feb/2022:14:27:34] (P): Fetching attachment from url: https://s33834.pcdn.co/freelancer-gb/wp-content/uploads/sites/469/2021/06/freelancer-demo-02.jpeg...
[04/Feb/2022:14:27:34] (S): Fetched remote attachment.
[04/Feb/2022:14:27:34] (P): Inserting attachment...
[04/Feb/2022:14:27:34] (S): Attachment inserted
[04/Feb/2022:14:27:34] (S): Processed attachment.
[04/Feb/2022:14:27:34] (P): Processing attachment: https://s33834.pcdn.co/freelancer-gb/wp-content/uploads/sites/469/2021/06/freelancer-demo-03.jpeg...
[04/Feb/2022:14:27:34] (P): Fetching attachment from url: https://s33834.pcdn.co/freelancer-gb/wp-content/uploads/sites/469/2021/06/freelancer-demo-03.jpeg...
[04/Feb/2022:14:27:35] (S): Fetched remote attachment.
[04/Feb/2022:14:27:35] (P): Inserting attachment...
[04/Feb/2022:14:27:35] (S): Attachment inserted
[04/Feb/2022:14:27:35] (S): Processed attachment.
[04/Feb/2022:14:27:35] (P): Inserting post: Time management TIPS .
[04/Feb/2022:14:27:35] (S): Done inserting post: Time management TIPS .
[04/Feb/2022:14:27:35] (P): Inserting post: 10 best freelance blogs .
[04/Feb/2022:14:27:35] (S): Done inserting post: 10 best freelance blogs .
[04/Feb/2022:14:27:35] (P): Inserting post: Trello for freelancers .
[04/Feb/2022:14:27:35] (S): Done inserting post: Trello for freelancers .
[04/Feb/2022:14:27:35] (P): Inserting page: About Me .
[04/Feb/2022:14:27:35] (S): Done inserting page: About Me .
[04/Feb/2022:14:27:35] (P): Inserting wp_block: 2 columns .
[04/Feb/2022:14:27:35] (S): Done inserting wp_block: 2 columns .
[04/Feb/2022:14:27:35] (P): Inserting wp_block: Gallery .
[04/Feb/2022:14:27:35] (S): Done inserting wp_block: Gallery .
[04/Feb/2022:14:27:35] (P): Inserting wp_block: Call to action .
[04/Feb/2022:14:27:35] (S): Done inserting wp_block: Call to action .
[04/Feb/2022:14:27:35] (P): Inserting page: Portfolio .
[04/Feb/2022:14:27:35] (S): Done inserting page: Portfolio .
[04/Feb/2022:14:27:35] (P): Inserting wp_block: Hero .
[04/Feb/2022:14:27:35] (S): Done inserting wp_block: Hero .
[04/Feb/2022:14:27:35] (P): Inserting wp_block: Button .
[04/Feb/2022:14:27:35] (S): Done inserting wp_block: Button .
[04/Feb/2022:14:27:35] (P): Inserting page: Contact .
[04/Feb/2022:14:27:35] (S): Done inserting page: Contact .
[04/Feb/2022:14:27:35] (P): Inserting wp_block: Testimonials .
[04/Feb/2022:14:27:35] (S): Done inserting wp_block: Testimonials .
[04/Feb/2022:14:27:35] (P): Inserting wp_block: Hero 2 .
[04/Feb/2022:14:27:35] (S): Done inserting wp_block: Hero 2 .
[04/Feb/2022:14:27:35] (P): Inserting post: Pricing freelance projects .
[04/Feb/2022:14:27:35] (S): Done inserting post: Pricing freelance projects .
[04/Feb/2022:14:27:35] (P): Inserting page: Blog .
[04/Feb/2022:14:27:35] (S): Done inserting page: Blog .
[04/Feb/2022:14:27:35] (S): Processed posts.
[04/Feb/2022:14:27:35] (P): Processing single menu item ' '...
[04/Feb/2022:14:27:35] (S): Processed single menu item.
[04/Feb/2022:14:27:35] (P): Processing single menu item ' '...
[04/Feb/2022:14:27:35] (S): Processed single menu item.
[04/Feb/2022:14:27:35] (P): Processing single menu item ' '...
[04/Feb/2022:14:27:35] (S): Processed single menu item.
[04/Feb/2022:14:27:35] (P): Processing single menu item ' '...
[04/Feb/2022:14:27:35] (S): Processed single menu item.
[04/Feb/2022:14:27:35] (P): Cleaning up import with id ...
[04/Feb/2022:14:27:35] (P): Done cleanup. Flushing cache...
[04/Feb/2022:14:27:35] (P): Flushed cache. Removing temporary data..
[04/Feb/2022:14:27:35] (S): Done importing
[04/Feb/2022:14:27:35] (P): Busting elementor cache
[04/Feb/2022:14:27:35] (S): Front page set up with id: 92.
